2022-08-17 06:46:45 - [32minfo[39m: [32mAplicação funcionando na porta 3000[39m
2022-08-17 06:47:08 - [32minfo[39m: [32mConnected to database successfully[39m
2022-08-17 06:47:08 - [32minfo[39m: [32mAplicação funcionando na porta 3000[39m
2022-08-17 06:47:18 - [32minfo[39m: [32mConnected to database successfully[39m
2022-08-17 06:47:18 - [32minfo[39m: [32mAplicação funcionando na porta 3000[39m
2022-08-17 06:47:56 - [32minfo[39m: [32mConnected to database successfully[39m
2022-08-17 06:47:56 - [32minfo[39m: [32mAplicação funcionando na porta 3000[39m
2022-08-17 06:48:06 - [32minfo[39m: [32mConnected to database successfully[39m
2022-08-17 06:48:06 - [32minfo[39m: [32mAplicação funcionando na porta 3000[39m
2022-08-17 06:52:25 - [32minfo[39m: [32mConnected to database successfully[39m
2022-08-17 06:52:25 - [32minfo[39m: [32mAplicação funcionando na porta 3000[39m
2022-08-17 06:52:33 - [32minfo[39m: [32mConnected to database successfully[39m
2022-08-17 06:52:33 - [32minfo[39m: [32mAplicação funcionando na porta 3000[39m
2022-08-17 06:53:13 - [35mhttp[39m: [35mGET /api/test 200 2 - 2.177 ms[39m
[35m[39m
2022-08-17 07:02:08 - [32minfo[39m: [32mConnected to database successfully[39m
2022-08-17 07:02:08 - [32minfo[39m: [32mAplicação funcionando na porta 3000[39m
2022-08-17 07:02:40 - [32minfo[39m: [32mConnected to database successfully[39m
2022-08-17 07:02:40 - [32minfo[39m: [32mAplicação funcionando na porta 3000[39m
2022-08-17 07:03:21 - [35mhttp[39m: [35mPOST /api/movie 200 13 - 3.381 ms[39m
[35m[39m
2022-08-17 07:04:20 - [32minfo[39m: [32mConnected to database successfully[39m
2022-08-17 07:04:20 - [32minfo[39m: [32mAplicação funcionando na porta 3000[39m
2022-08-17 07:04:48 - [32minfo[39m: [32mConnected to database successfully[39m
2022-08-17 07:04:48 - [32minfo[39m: [32mAplicação funcionando na porta 3000[39m
2022-08-17 07:05:05 - [32minfo[39m: [32mConnected to database successfully[39m
2022-08-17 07:05:05 - [32minfo[39m: [32mAplicação funcionando na porta 3000[39m
2022-08-17 07:05:17 - [32minfo[39m: [32mConnected to database successfully[39m
2022-08-17 07:05:17 - [32minfo[39m: [32mAplicação funcionando na porta 3000[39m
2022-08-17 07:05:19 - [32minfo[39m: [32mConnected to database successfully[39m
2022-08-17 07:05:19 - [32minfo[39m: [32mAplicação funcionando na porta 3000[39m
2022-08-17 07:05:36 - [32minfo[39m: [32mConnected to database successfully[39m
2022-08-17 07:05:36 - [32minfo[39m: [32mAplicação funcionando na porta 3000[39m
2022-08-17 07:06:00 - [32minfo[39m: [32mConnected to database successfully[39m
2022-08-17 07:06:00 - [32minfo[39m: [32mAplicação funcionando na porta 3000[39m
2022-08-17 07:06:06 - [32minfo[39m: [32mConnected to database successfully[39m
2022-08-17 07:06:06 - [32minfo[39m: [32mAplicação funcionando na porta 3000[39m
2022-08-17 07:06:08 - [32minfo[39m: [32mConnected to database successfully[39m
2022-08-17 07:06:08 - [32minfo[39m: [32mAplicação funcionando na porta 3000[39m
2022-08-17 07:06:38 - [31merror[39m: [31mError on create movie: command insert requires authentication[39m
2022-08-17 07:07:15 - [31merror[39m: [31mError on connect to databaseMongoServerError: Authentication failed.[39m
2022-08-17 07:09:13 - [31merror[39m: [31mError on connect to databaseMongoServerError: Authentication failed.[39m
2022-08-17 07:10:47 - [31merror[39m: [31mError on connect to databaseMongoServerError: Authentication failed.[39m
2022-08-17 07:11:04 - [31merror[39m: [31mError on connect to databaseMongoServerError: Authentication failed.[39m
2022-08-17 07:11:12 - [31merror[39m: [31mError on connect to databaseMongoServerError: Authentication failed.[39m
2022-08-17 07:11:14 - [31merror[39m: [31mError on connect to databaseMongoServerError: Authentication failed.[39m
2022-08-17 07:11:53 - [31merror[39m: [31mError on connect to databaseMongoServerError: Authentication failed.[39m
2022-08-17 07:12:22 - [31merror[39m: [31mError on connect to databaseReferenceError: db is not defined[39m
2022-08-17 07:18:15 - [31merror[39m: [31mError on connect to databaseMongooseServerSelectionError: Server at 0.0.0.0:27017 reports maximum wire version 5, but this version of the Node.js Driver requires at least 6 (MongoDB 3.6)[39m
2022-08-17 07:22:08 - [31merror[39m: [31mError on connect to databaseMongooseServerSelectionError: connection <monitor> to 127.0.0.1:27017 closed[39m
2022-08-17 07:24:10 - [32minfo[39m: [32mConnected to database successfully[39m
2022-08-17 07:24:10 - [32minfo[39m: [32mAplicação funcionando na porta 3000[39m
2022-08-17 07:24:15 - [31merror[39m: [31mError on create movie: command insert requires authentication[39m
2022-08-17 07:25:14 - [31merror[39m: [31mError on connect to databaseMongoServerError: Authentication failed.[39m
2022-08-17 07:25:20 - [31merror[39m: [31mError on connect to databaseMongoServerError: Authentication failed.[39m
2022-08-17 07:26:13 - [31merror[39m: [31mError on connect to databaseMongoServerError: Authentication failed.[39m
2022-08-17 07:29:31 - [31merror[39m: [31mError on connect to databaseMongoServerError: Authentication failed.[39m
2022-08-17 07:29:38 - [31merror[39m: [31mError on connect to databaseMongoServerError: Authentication failed.[39m
2022-08-17 07:35:53 - [32minfo[39m: [32mConnected to database successfully[39m
2022-08-17 07:35:53 - [32minfo[39m: [32mAplicação funcionando na porta 3000[39m
2022-08-17 07:35:56 - [35mhttp[39m: [35mPOST /api/movie 200 77 - 15.461 ms[39m
[35m[39m
